------- FILE 96x2_1_image.asm LEVEL 1 PASS 2
      1  0452 ????						;*** The height of the displayed data...
      2  0452 ????	       00 55	   bmp_96x2_1_window =	85
      3  0452 ????
      4  0452 ????						;*** The height of the bitmap data. This can be larger than
      5  0452 ????						;*** the displayed data height, if you're scrolling or animating
      6  0452 ????						;*** the data...
      7  0452 ????	       00 55	   bmp_96x2_1_height =	85
      8  0452 ????
      9  0452 ????
     10  0452 ????			  -	      if	>. != >[.+(bmp_96x2_1_height)]
     11  0452 ????			  -	      align	256
     12  0452 ????				      endif
     13  0452 ????	       00		      BYTE.b	$00	; leave this here!
     14  0453 ????
     15  0453 ????
     16  0453 ????						;*** The color of each line in the bitmap, in reverse order...
     17  0453 ????			   bmp_96x2_1_colors
     18  0453 ????	       0e		      .byte.b	$0E
     19  0454 ????	       0e		      .byte.b	$0E
     20  0455 ????	       0e		      .byte.b	$0E
     21  0456 ????	       0e		      .byte.b	$0E
     22  0457 ????	       0e		      .byte.b	$0E
     23  0458 ????	       0e		      .byte.b	$0E
     24  0459 ????	       0e		      .byte.b	$0E
     25  045a ????	       0e		      .byte.b	$0E
     26  045b ????	       0e		      .byte.b	$0E
     27  045c ????	       0e		      .byte.b	$0E
     28  045d ????	       0e		      .byte.b	$0E
     29  045e ????	       0e		      .byte.b	$0E
     30  045f ????	       0e		      .byte.b	$0E
     31  0460 ????	       0e		      .byte.b	$0E
     32  0461 ????	       0e		      .byte.b	$0E
     33  0462 ????	       0e		      .byte.b	$0E
     34  0463 ????	       0e		      .byte.b	$0E
     35  0464 ????	       0e		      .byte.b	$0E
     36  0465 ????	       0e		      .byte.b	$0E
     37  0466 ????	       0e		      .byte.b	$0E
     38  0467 ????	       0e		      .byte.b	$0E
     39  0468 ????	       44		      .byte.b	$44
     40  0469 ????	       44		      .byte.b	$44
     41  046a ????	       44		      .byte.b	$44
     42  046b ????	       44		      .byte.b	$44
     43  046c ????	       44		      .byte.b	$44
     44  046d ????	       44		      .byte.b	$44
     45  046e ????	       44		      .byte.b	$44
     46  046f ????	       44		      .byte.b	$44
     47  0470 ????	       44		      .byte.b	$44
     48  0471 ????	       44		      .byte.b	$44
     49  0472 ????	       44		      .byte.b	$44
     50  0473 ????	       44		      .byte.b	$44
     51  0474 ????	       0e		      .byte.b	$0E
     52  0475 ????	       0e		      .byte.b	$0E
     53  0476 ????	       0e		      .byte.b	$0E
     54  0477 ????	       0e		      .byte.b	$0E
     55  0478 ????	       0e		      .byte.b	$0E
     56  0479 ????	       0e		      .byte.b	$0E
     57  047a ????	       0e		      .byte.b	$0E
     58  047b ????	       0e		      .byte.b	$0E
     59  047c ????	       1c		      .byte.b	$1C
     60  047d ????	       1c		      .byte.b	$1C
     61  047e ????	       1c		      .byte.b	$1C
     62  047f ????	       1c		      .byte.b	$1C
     63  0480 ????	       1c		      .byte.b	$1C
     64  0481 ????	       1c		      .byte.b	$1C
     65  0482 ????	       1c		      .byte.b	$1C
     66  0483 ????	       1c		      .byte.b	$1C
     67  0484 ????	       1c		      .byte.b	$1C
     68  0485 ????	       1c		      .byte.b	$1C
     69  0486 ????	       1c		      .byte.b	$1C
     70  0487 ????	       1c		      .byte.b	$1C
     71  0488 ????	       0e		      .byte.b	$0E
     72  0489 ????	       0e		      .byte.b	$0E
     73  048a ????	       1c		      .byte.b	$1C
     74  048b ????	       1c		      .byte.b	$1C
     75  048c ????	       1c		      .byte.b	$1C
     76  048d ????	       1c		      .byte.b	$1C
     77  048e ????	       1c		      .byte.b	$1C
     78  048f ????	       1c		      .byte.b	$1C
     79  0490 ????	       1c		      .byte.b	$1C
     80  0491 ????	       1c		      .byte.b	$1C
     81  0492 ????	       1c		      .byte.b	$1C
     82  0493 ????	       1c		      .byte.b	$1C
     83  0494 ????	       1c		      .byte.b	$1C
     84  0495 ????	       1c		      .byte.b	$1C
     85  0496 ????	       0e		      .byte.b	$0E
     86  0497 ????	       0e		      .byte.b	$0E
     87  0498 ????	       0e		      .byte.b	$0E
     88  0499 ????	       1c		      .byte.b	$1C
     89  049a ????	       1c		      .byte.b	$1C
     90  049b ????	       1c		      .byte.b	$1C
     91  049c ????	       1c		      .byte.b	$1C
     92  049d ????	       1c		      .byte.b	$1C
     93  049e ????	       1c		      .byte.b	$1C
     94  049f ????	       1c		      .byte.b	$1C
     95  04a0 ????	       1c		      .byte.b	$1C
     96  04a1 ????	       1c		      .byte.b	$1C
     97  04a2 ????	       1c		      .byte.b	$1C
     98  04a3 ????	       1c		      .byte.b	$1C
     99  04a4 ????	       1c		      .byte.b	$1C
    100  04a5 ????	       0e		      .byte.b	$0E
    101  04a6 ????	       0e		      .byte.b	$0E
    102  04a7 ????	       0e		      .byte.b	$0E
    103  04a8 ????
    104  04a8 ????
    105  04a8 ????			  -	      if	>. != >[.+(bmp_96x2_1_height)]
    106  04a8 ????			  -	      align	256
    107  04a8 ????				      endif
    108  04a8 ????
    109  04a8 ????
    110  04a8 ????			   bmp_96x2_1_00
    111  04a8 ????						; *** replace this block with your bimap_00 data block...
    112  04a8 ????	       00		      BYTE.b	%00000000
    113  04a9 ????	       00		      BYTE.b	%00000000
    114  04aa ????	       00		      BYTE.b	%00000000
    115  04ab ????	       00		      BYTE.b	%00000000
    116  04ac ????	       00		      BYTE.b	%00000000
    117  04ad ????	       00		      BYTE.b	%00000000
    118  04ae ????	       00		      BYTE.b	%00000000
    119  04af ????	       00		      BYTE.b	%00000000
    120  04b0 ????	       00		      BYTE.b	%00000000
    121  04b1 ????	       00		      BYTE.b	%00000000
    122  04b2 ????	       00		      BYTE.b	%00000000
    123  04b3 ????	       00		      BYTE.b	%00000000
    124  04b4 ????	       00		      BYTE.b	%00000000
    125  04b5 ????	       00		      BYTE.b	%00000000
    126  04b6 ????	       00		      BYTE.b	%00000000
    127  04b7 ????	       00		      BYTE.b	%00000000
    128  04b8 ????	       00		      BYTE.b	%00000000
    129  04b9 ????	       00		      BYTE.b	%00000000
    130  04ba ????	       00		      BYTE.b	%00000000
    131  04bb ????	       00		      BYTE.b	%00000000
    132  04bc ????	       00		      BYTE.b	%00000000
    133  04bd ????	       00		      BYTE.b	%00000000
    134  04be ????	       00		      BYTE.b	%00000000
    135  04bf ????	       00		      BYTE.b	%00000000
    136  04c0 ????	       00		      BYTE.b	%00000000
    137  04c1 ????	       00		      BYTE.b	%00000000
    138  04c2 ????	       00		      BYTE.b	%00000000
    139  04c3 ????	       00		      BYTE.b	%00000000
    140  04c4 ????	       00		      BYTE.b	%00000000
    141  04c5 ????	       00		      BYTE.b	%00000000
    142  04c6 ????	       00		      BYTE.b	%00000000
    143  04c7 ????	       00		      BYTE.b	%00000000
    144  04c8 ????	       00		      BYTE.b	%00000000
    145  04c9 ????	       00		      BYTE.b	%00000000
    146  04ca ????	       00		      BYTE.b	%00000000
    147  04cb ????	       00		      BYTE.b	%00000000
    148  04cc ????	       00		      BYTE.b	%00000000
    149  04cd ????	       00		      BYTE.b	%00000000
    150  04ce ????	       00		      BYTE.b	%00000000
    151  04cf ????	       00		      BYTE.b	%00000000
    152  04d0 ????	       00		      BYTE.b	%00000000
    153  04d1 ????	       7c		      BYTE.b	%01111100
    154  04d2 ????	       7c		      BYTE.b	%01111100
    155  04d3 ????	       7c		      BYTE.b	%01111100
    156  04d4 ????	       7c		      BYTE.b	%01111100
    157  04d5 ????	       7c		      BYTE.b	%01111100
    158  04d6 ????	       7c		      BYTE.b	%01111100
    159  04d7 ????	       7f		      BYTE.b	%01111111
    160  04d8 ????	       7f		      BYTE.b	%01111111
    161  04d9 ????	       7f		      BYTE.b	%01111111
    162  04da ????	       7f		      BYTE.b	%01111111
    163  04db ????	       7c		      BYTE.b	%01111100
    164  04dc ????	       00		      BYTE.b	%00000000
    165  04dd ????	       00		      BYTE.b	%00000000
    166  04de ????	       00		      BYTE.b	%00000000
    167  04df ????	       00		      BYTE.b	%00000000
    168  04e0 ????	       00		      BYTE.b	%00000000
    169  04e1 ????	       00		      BYTE.b	%00000000
    170  04e2 ????	       00		      BYTE.b	%00000000
    171  04e3 ????	       00		      BYTE.b	%00000000
    172  04e4 ????	       00		      BYTE.b	%00000000
    173  04e5 ????	       00		      BYTE.b	%00000000
    174  04e6 ????	       00		      BYTE.b	%00000000
    175  04e7 ????	       00		      BYTE.b	%00000000
    176  04e8 ????	       00		      BYTE.b	%00000000
    177  04e9 ????	       00		      BYTE.b	%00000000
    178  04ea ????	       00		      BYTE.b	%00000000
    179  04eb ????	       00		      BYTE.b	%00000000
    180  04ec ????	       00		      BYTE.b	%00000000
    181  04ed ????	       00		      BYTE.b	%00000000
    182  04ee ????	       00		      BYTE.b	%00000000
    183  04ef ????	       00		      BYTE.b	%00000000
    184  04f0 ????	       00		      BYTE.b	%00000000
    185  04f1 ????	       00		      BYTE.b	%00000000
    186  04f2 ????	       00		      BYTE.b	%00000000
    187  04f3 ????	       00		      BYTE.b	%00000000
    188  04f4 ????	       00		      BYTE.b	%00000000
    189  04f5 ????	       00		      BYTE.b	%00000000
    190  04f6 ????	       00		      BYTE.b	%00000000
    191  04f7 ????	       00		      BYTE.b	%00000000
    192  04f8 ????	       00		      BYTE.b	%00000000
    193  04f9 ????	       00		      BYTE.b	%00000000
    194  04fa ????	       00		      BYTE.b	%00000000
    195  04fb ????	       00		      BYTE.b	%00000000
    196  04fc ????	       00		      BYTE.b	%00000000
    197  04fd ????
    198  04fd ????
    199  04fd ????
    200  04fd ????			  -	      if	>. != >[.+(bmp_96x2_1_height)]
    201  04fd ????			  -	      align	256
    202  04fd ????				      endif
    203  04fd ????
    204  04fd ????
    205  04fd ????			   bmp_96x2_1_01
    206  04fd ????						; *** replace this block with your bimap_01 data block...
    207  04fd ????	       00		      BYTE.b	%00000000
    208  04fe ????	       00		      BYTE.b	%00000000
    209  04ff ????	       00		      BYTE.b	%00000000
    210  0500 ????	       00		      BYTE.b	%00000000
    211  0501 ????	       00		      BYTE.b	%00000000
    212  0502 ????	       00		      BYTE.b	%00000000
    213  0503 ????	       00		      BYTE.b	%00000000
    214  0504 ????	       00		      BYTE.b	%00000000
    215  0505 ????	       00		      BYTE.b	%00000000
    216  0506 ????	       00		      BYTE.b	%00000000
    217  0507 ????	       00		      BYTE.b	%00000000
    218  0508 ????	       00		      BYTE.b	%00000000
    219  0509 ????	       00		      BYTE.b	%00000000
    220  050a ????	       00		      BYTE.b	%00000000
    221  050b ????	       00		      BYTE.b	%00000000
    222  050c ????	       00		      BYTE.b	%00000000
    223  050d ????	       00		      BYTE.b	%00000000
    224  050e ????	       00		      BYTE.b	%00000000
    225  050f ????	       00		      BYTE.b	%00000000
    226  0510 ????	       00		      BYTE.b	%00000000
    227  0511 ????	       00		      BYTE.b	%00000000
    228  0512 ????	       00		      BYTE.b	%00000000
    229  0513 ????	       00		      BYTE.b	%00000000
    230  0514 ????	       00		      BYTE.b	%00000000
    231  0515 ????	       00		      BYTE.b	%00000000
    232  0516 ????	       00		      BYTE.b	%00000000
    233  0517 ????	       00		      BYTE.b	%00000000
    234  0518 ????	       00		      BYTE.b	%00000000
    235  0519 ????	       00		      BYTE.b	%00000000
    236  051a ????	       00		      BYTE.b	%00000000
    237  051b ????	       00		      BYTE.b	%00000000
    238  051c ????	       00		      BYTE.b	%00000000
    239  051d ????	       00		      BYTE.b	%00000000
    240  051e ????	       00		      BYTE.b	%00000000
    241  051f ????	       00		      BYTE.b	%00000000
    242  0520 ????	       00		      BYTE.b	%00000000
    243  0521 ????	       00		      BYTE.b	%00000000
    244  0522 ????	       00		      BYTE.b	%00000000
    245  0523 ????	       00		      BYTE.b	%00000000
    246  0524 ????	       00		      BYTE.b	%00000000
    247  0525 ????	       00		      BYTE.b	%00000000
    248  0526 ????	       0f		      BYTE.b	%00001111
    249  0527 ????	       0f		      BYTE.b	%00001111
    250  0528 ????	       0f		      BYTE.b	%00001111
    251  0529 ????	       cf		      BYTE.b	%11001111
    252  052a ????	       cf		      BYTE.b	%11001111
    253  052b ????	       cf		      BYTE.b	%11001111
    254  052c ????	       ff		      BYTE.b	%11111111
    255  052d ????	       ff		      BYTE.b	%11111111
    256  052e ????	       3f		      BYTE.b	%00111111
    257  052f ????	       3f		      BYTE.b	%00111111
    258  0530 ????	       0f		      BYTE.b	%00001111
    259  0531 ????	       00		      BYTE.b	%00000000
    260  0532 ????	       00		      BYTE.b	%00000000
    261  0533 ????	       00		      BYTE.b	%00000000
    262  0534 ????	       00		      BYTE.b	%00000000
    263  0535 ????	       1f		      BYTE.b	%00011111
    264  0536 ????	       1f		      BYTE.b	%00011111
    265  0537 ????	       1f		      BYTE.b	%00011111
    266  0538 ????	       1f		      BYTE.b	%00011111
    267  0539 ????	       1f		      BYTE.b	%00011111
    268  053a ????	       1f		      BYTE.b	%00011111
    269  053b ????	       1f		      BYTE.b	%00011111
    270  053c ????	       1f		      BYTE.b	%00011111
    271  053d ????	       1f		      BYTE.b	%00011111
    272  053e ????	       1f		      BYTE.b	%00011111
    273  053f ????	       1f		      BYTE.b	%00011111
    274  0540 ????	       00		      BYTE.b	%00000000
    275  0541 ????	       00		      BYTE.b	%00000000
    276  0542 ????	       00		      BYTE.b	%00000000
    277  0543 ????	       00		      BYTE.b	%00000000
    278  0544 ????	       00		      BYTE.b	%00000000
    279  0545 ????	       00		      BYTE.b	%00000000
    280  0546 ????	       00		      BYTE.b	%00000000
    281  0547 ????	       00		      BYTE.b	%00000000
    282  0548 ????	       00		      BYTE.b	%00000000
    283  0549 ????	       00		      BYTE.b	%00000000
    284  054a ????	       00		      BYTE.b	%00000000
    285  054b ????	       00		      BYTE.b	%00000000
    286  054c ????	       00		      BYTE.b	%00000000
    287  054d ????	       00		      BYTE.b	%00000000
    288  054e ????	       00		      BYTE.b	%00000000
    289  054f ????	       00		      BYTE.b	%00000000
    290  0550 ????	       00		      BYTE.b	%00000000
    291  0551 ????	       00		      BYTE.b	%00000000
    292  0552 ????
    293  0552 ????
    294  0552 ????
    295  0552 ????			  -	      if	>. != >[.+(bmp_96x2_1_height)]
    296  0552 ????			  -	      align	256
    297  0552 ????				      endif
    298  0552 ????
    299  0552 ????
    300  0552 ????			   bmp_96x2_1_02
    301  0552 ????						; *** replace this block with your bimap_02 data block...
    302  0552 ????	       00		      BYTE.b	%00000000
    303  0553 ????	       00		      BYTE.b	%00000000
    304  0554 ????	       00		      BYTE.b	%00000000
    305  0555 ????	       00		      BYTE.b	%00000000
    306  0556 ????	       00		      BYTE.b	%00000000
    307  0557 ????	       00		      BYTE.b	%00000000
    308  0558 ????	       34		      BYTE.b	%00110100
    309  0559 ????	       44		      BYTE.b	%01000100
    310  055a ????	       46		      BYTE.b	%01000110
    311  055b ????	       30		      BYTE.b	%00110000
    312  055c ????	       00		      BYTE.b	%00000000
    313  055d ????	       00		      BYTE.b	%00000000
    314  055e ????	       00		      BYTE.b	%00000000
    315  055f ????	       00		      BYTE.b	%00000000
    316  0560 ????	       00		      BYTE.b	%00000000
    317  0561 ????	       00		      BYTE.b	%00000000
    318  0562 ????	       00		      BYTE.b	%00000000
    319  0563 ????	       00		      BYTE.b	%00000000
    320  0564 ????	       00		      BYTE.b	%00000000
    321  0565 ????	       00		      BYTE.b	%00000000
    322  0566 ????	       00		      BYTE.b	%00000000
    323  0567 ????	       00		      BYTE.b	%00000000
    324  0568 ????	       00		      BYTE.b	%00000000
    325  0569 ????	       00		      BYTE.b	%00000000
    326  056a ????	       00		      BYTE.b	%00000000
    327  056b ????	       00		      BYTE.b	%00000000
    328  056c ????	       00		      BYTE.b	%00000000
    329  056d ????	       00		      BYTE.b	%00000000
    330  056e ????	       00		      BYTE.b	%00000000
    331  056f ????	       00		      BYTE.b	%00000000
    332  0570 ????	       00		      BYTE.b	%00000000
    333  0571 ????	       00		      BYTE.b	%00000000
    334  0572 ????	       00		      BYTE.b	%00000000
    335  0573 ????	       00		      BYTE.b	%00000000
    336  0574 ????	       00		      BYTE.b	%00000000
    337  0575 ????	       00		      BYTE.b	%00000000
    338  0576 ????	       00		      BYTE.b	%00000000
    339  0577 ????	       00		      BYTE.b	%00000000
    340  0578 ????	       00		      BYTE.b	%00000000
    341  0579 ????	       00		      BYTE.b	%00000000
    342  057a ????	       00		      BYTE.b	%00000000
    343  057b ????	       87		      BYTE.b	%10000111
    344  057c ????	       87		      BYTE.b	%10000111
    345  057d ????	       87		      BYTE.b	%10000111
    346  057e ????	       87		      BYTE.b	%10000111
    347  057f ????	       87		      BYTE.b	%10000111
    348  0580 ????	       87		      BYTE.b	%10000111
    349  0581 ????	       87		      BYTE.b	%10000111
    350  0582 ????	       87		      BYTE.b	%10000111
    351  0583 ????	       81		      BYTE.b	%10000001
    352  0584 ????	       81		      BYTE.b	%10000001
    353  0585 ????	       80		      BYTE.b	%10000000
    354  0586 ????	       00		      BYTE.b	%00000000
    355  0587 ????	       00		      BYTE.b	%00000000
    356  0588 ????	       00		      BYTE.b	%00000000
    357  0589 ????	       00		      BYTE.b	%00000000
    358  058a ????	       ff		      BYTE.b	%11111111
    359  058b ????	       ff		      BYTE.b	%11111111
    360  058c ????	       03		      BYTE.b	%00000011
    361  058d ????	       03		      BYTE.b	%00000011
    362  058e ????	       03		      BYTE.b	%00000011
    363  058f ????	       ff		      BYTE.b	%11111111
    364  0590 ????	       ff		      BYTE.b	%11111111
    365  0591 ????	       03		      BYTE.b	%00000011
    366  0592 ????	       03		      BYTE.b	%00000011
    367  0593 ????	       ff		      BYTE.b	%11111111
    368  0594 ????	       ff		      BYTE.b	%11111111
    369  0595 ????	       00		      BYTE.b	%00000000
    370  0596 ????	       00		      BYTE.b	%00000000
    371  0597 ????	       00		      BYTE.b	%00000000
    372  0598 ????	       00		      BYTE.b	%00000000
    373  0599 ????	       00		      BYTE.b	%00000000
    374  059a ????	       00		      BYTE.b	%00000000
    375  059b ????	       00		      BYTE.b	%00000000
    376  059c ????	       00		      BYTE.b	%00000000
    377  059d ????	       00		      BYTE.b	%00000000
    378  059e ????	       00		      BYTE.b	%00000000
    379  059f ????	       00		      BYTE.b	%00000000
    380  05a0 ????	       00		      BYTE.b	%00000000
    381  05a1 ????	       00		      BYTE.b	%00000000
    382  05a2 ????	       00		      BYTE.b	%00000000
    383  05a3 ????	       00		      BYTE.b	%00000000
    384  05a4 ????	       00		      BYTE.b	%00000000
    385  05a5 ????	       00		      BYTE.b	%00000000
    386  05a6 ????	       00		      BYTE.b	%00000000
    387  05a7 ????
    388  05a7 ????
    389  05a7 ????
    390  05a7 ????			  -	      if	>. != >[.+(bmp_96x2_1_height)]
    391  05a7 ????			  -	      align	256
    392  05a7 ????				      endif
    393  05a7 ????
    394  05a7 ????
    395  05a7 ????			   bmp_96x2_1_03
    396  05a7 ????						; *** replace this block with your bimap_03 data block...
    397  05a7 ????	       00		      BYTE.b	%00000000
    398  05a8 ????	       00		      BYTE.b	%00000000
    399  05a9 ????	       00		      BYTE.b	%00000000
    400  05aa ????	       00		      BYTE.b	%00000000
    401  05ab ????	       00		      BYTE.b	%00000000
    402  05ac ????	       00		      BYTE.b	%00000000
    403  05ad ????	       e6		      BYTE.b	%11100110
    404  05ae ????	       ca		      BYTE.b	%11001010
    405  05af ????	       e6		      BYTE.b	%11100110
    406  05b0 ????	       00		      BYTE.b	%00000000
    407  05b1 ????	       00		      BYTE.b	%00000000
    408  05b2 ????	       00		      BYTE.b	%00000000
    409  05b3 ????	       00		      BYTE.b	%00000000
    410  05b4 ????	       00		      BYTE.b	%00000000
    411  05b5 ????	       00		      BYTE.b	%00000000
    412  05b6 ????	       00		      BYTE.b	%00000000
    413  05b7 ????	       00		      BYTE.b	%00000000
    414  05b8 ????	       00		      BYTE.b	%00000000
    415  05b9 ????	       00		      BYTE.b	%00000000
    416  05ba ????	       00		      BYTE.b	%00000000
    417  05bb ????	       00		      BYTE.b	%00000000
    418  05bc ????	       00		      BYTE.b	%00000000
    419  05bd ????	       00		      BYTE.b	%00000000
    420  05be ????	       00		      BYTE.b	%00000000
    421  05bf ????	       00		      BYTE.b	%00000000
    422  05c0 ????	       00		      BYTE.b	%00000000
    423  05c1 ????	       00		      BYTE.b	%00000000
    424  05c2 ????	       00		      BYTE.b	%00000000
    425  05c3 ????	       02		      BYTE.b	%00000010
    426  05c4 ????	       03		      BYTE.b	%00000011
    427  05c5 ????	       02		      BYTE.b	%00000010
    428  05c6 ????	       03		      BYTE.b	%00000011
    429  05c7 ????	       00		      BYTE.b	%00000000
    430  05c8 ????	       00		      BYTE.b	%00000000
    431  05c9 ????	       00		      BYTE.b	%00000000
    432  05ca ????	       00		      BYTE.b	%00000000
    433  05cb ????	       00		      BYTE.b	%00000000
    434  05cc ????	       00		      BYTE.b	%00000000
    435  05cd ????	       00		      BYTE.b	%00000000
    436  05ce ????	       00		      BYTE.b	%00000000
    437  05cf ????	       00		      BYTE.b	%00000000
    438  05d0 ????	       80		      BYTE.b	%10000000
    439  05d1 ????	       80		      BYTE.b	%10000000
    440  05d2 ????	       80		      BYTE.b	%10000000
    441  05d3 ????	       ff		      BYTE.b	%11111111
    442  05d4 ????	       ff		      BYTE.b	%11111111
    443  05d5 ????	       80		      BYTE.b	%10000000
    444  05d6 ????	       80		      BYTE.b	%10000000
    445  05d7 ????	       c1		      BYTE.b	%11000001
    446  05d8 ????	       f7		      BYTE.b	%11110111
    447  05d9 ????	       ff		      BYTE.b	%11111111
    448  05da ????	       7f		      BYTE.b	%01111111
    449  05db ????	       00		      BYTE.b	%00000000
    450  05dc ????	       00		      BYTE.b	%00000000
    451  05dd ????	       00		      BYTE.b	%00000000
    452  05de ????	       00		      BYTE.b	%00000000
    453  05df ????	       83		      BYTE.b	%10000011
    454  05e0 ????	       83		      BYTE.b	%10000011
    455  05e1 ????	       e3		      BYTE.b	%11100011
    456  05e2 ????	       e3		      BYTE.b	%11100011
    457  05e3 ????	       e3		      BYTE.b	%11100011
    458  05e4 ????	       83		      BYTE.b	%10000011
    459  05e5 ????	       e3		      BYTE.b	%11100011
    460  05e6 ????	       e3		      BYTE.b	%11100011
    461  05e7 ????	       e3		      BYTE.b	%11100011
    462  05e8 ????	       c3		      BYTE.b	%11000011
    463  05e9 ????	       83		      BYTE.b	%10000011
    464  05ea ????	       00		      BYTE.b	%00000000
    465  05eb ????	       00		      BYTE.b	%00000000
    466  05ec ????	       00		      BYTE.b	%00000000
    467  05ed ????	       00		      BYTE.b	%00000000
    468  05ee ????	       00		      BYTE.b	%00000000
    469  05ef ????	       00		      BYTE.b	%00000000
    470  05f0 ????	       00		      BYTE.b	%00000000
    471  05f1 ????	       00		      BYTE.b	%00000000
    472  05f2 ????	       00		      BYTE.b	%00000000
    473  05f3 ????	       00		      BYTE.b	%00000000
    474  05f4 ????	       00		      BYTE.b	%00000000
    475  05f5 ????	       00		      BYTE.b	%00000000
    476  05f6 ????	       00		      BYTE.b	%00000000
    477  05f7 ????	       00		      BYTE.b	%00000000
    478  05f8 ????	       00		      BYTE.b	%00000000
    479  05f9 ????	       00		      BYTE.b	%00000000
    480  05fa ????	       00		      BYTE.b	%00000000
    481  05fb ????	       00		      BYTE.b	%00000000
    482  05fc ????
    483  05fc ????
    484  05fc ????
    485  05fc ????			  -	      if	>. != >[.+(bmp_96x2_1_height)]
    486  05fc ????			  -	      align	256
    487  05fc ????				      endif
    488  05fc ????
    489  05fc ????
    490  05fc ????			   bmp_96x2_1_04
    491  05fc ????						; *** replace this block with your bimap_04 data block...
    492  05fc ????	       00		      BYTE.b	%00000000
    493  05fd ????	       00		      BYTE.b	%00000000
    494  05fe ????	       00		      BYTE.b	%00000000
    495  05ff ????	       00		      BYTE.b	%00000000
    496  0600 ????	       00		      BYTE.b	%00000000
    497  0601 ????	       00		      BYTE.b	%00000000
    498  0602 ????	       4e		      BYTE.b	%01001110
    499  0603 ????	       4c		      BYTE.b	%01001100
    500  0604 ????	       ee		      BYTE.b	%11101110
    501  0605 ????	       40		      BYTE.b	%01000000
    502  0606 ????	       00		      BYTE.b	%00000000
    503  0607 ????	       00		      BYTE.b	%00000000
    504  0608 ????	       00		      BYTE.b	%00000000
    505  0609 ????	       00		      BYTE.b	%00000000
    506  060a ????	       00		      BYTE.b	%00000000
    507  060b ????	       00		      BYTE.b	%00000000
    508  060c ????	       00		      BYTE.b	%00000000
    509  060d ????	       00		      BYTE.b	%00000000
    510  060e ????	       00		      BYTE.b	%00000000
    511  060f ????	       00		      BYTE.b	%00000000
    512  0610 ????	       00		      BYTE.b	%00000000
    513  0611 ????	       11		      BYTE.b	%00010001
    514  0612 ????	       12		      BYTE.b	%00010010
    515  0613 ????	       12		      BYTE.b	%00010010
    516  0614 ????	       39		      BYTE.b	%00111001
    517  0615 ????	       00		      BYTE.b	%00000000
    518  0616 ????	       00		      BYTE.b	%00000000
    519  0617 ????	       00		      BYTE.b	%00000000
    520  0618 ????	       2b		      BYTE.b	%00101011
    521  0619 ????	       32		      BYTE.b	%00110010
    522  061a ????	       ab		      BYTE.b	%10101011
    523  061b ????	       33		      BYTE.b	%00110011
    524  061c ????	       00		      BYTE.b	%00000000
    525  061d ????	       00		      BYTE.b	%00000000
    526  061e ????	       00		      BYTE.b	%00000000
    527  061f ????	       00		      BYTE.b	%00000000
    528  0620 ????	       00		      BYTE.b	%00000000
    529  0621 ????	       00		      BYTE.b	%00000000
    530  0622 ????	       00		      BYTE.b	%00000000
    531  0623 ????	       00		      BYTE.b	%00000000
    532  0624 ????	       00		      BYTE.b	%00000000
    533  0625 ????	       f8		      BYTE.b	%11111000
    534  0626 ????	       f8		      BYTE.b	%11111000
    535  0627 ????	       f8		      BYTE.b	%11111000
    536  0628 ????	       f8		      BYTE.b	%11111000
    537  0629 ????	       f8		      BYTE.b	%11111000
    538  062a ????	       f8		      BYTE.b	%11111000
    539  062b ????	       f8		      BYTE.b	%11111000
    540  062c ????	       f8		      BYTE.b	%11111000
    541  062d ????	       c0		      BYTE.b	%11000000
    542  062e ????	       c0		      BYTE.b	%11000000
    543  062f ????	       00		      BYTE.b	%00000000
    544  0630 ????	       00		      BYTE.b	%00000000
    545  0631 ????	       00		      BYTE.b	%00000000
    546  0632 ????	       00		      BYTE.b	%00000000
    547  0633 ????	       00		      BYTE.b	%00000000
    548  0634 ????	       ff		      BYTE.b	%11111111
    549  0635 ????	       ff		      BYTE.b	%11111111
    550  0636 ????	       e0		      BYTE.b	%11100000
    551  0637 ????	       e0		      BYTE.b	%11100000
    552  0638 ????	       e0		      BYTE.b	%11100000
    553  0639 ????	       ff		      BYTE.b	%11111111
    554  063a ????	       ff		      BYTE.b	%11111111
    555  063b ????	       e0		      BYTE.b	%11100000
    556  063c ????	       e0		      BYTE.b	%11100000
    557  063d ????	       ff		      BYTE.b	%11111111
    558  063e ????	       ff		      BYTE.b	%11111111
    559  063f ????	       00		      BYTE.b	%00000000
    560  0640 ????	       00		      BYTE.b	%00000000
    561  0641 ????	       00		      BYTE.b	%00000000
    562  0642 ????	       00		      BYTE.b	%00000000
    563  0643 ????	       00		      BYTE.b	%00000000
    564  0644 ????	       00		      BYTE.b	%00000000
    565  0645 ????	       00		      BYTE.b	%00000000
    566  0646 ????	       00		      BYTE.b	%00000000
    567  0647 ????	       00		      BYTE.b	%00000000
    568  0648 ????	       00		      BYTE.b	%00000000
    569  0649 ????	       00		      BYTE.b	%00000000
    570  064a ????	       00		      BYTE.b	%00000000
    571  064b ????	       00		      BYTE.b	%00000000
    572  064c ????	       00		      BYTE.b	%00000000
    573  064d ????	       00		      BYTE.b	%00000000
    574  064e ????	       00		      BYTE.b	%00000000
    575  064f ????	       00		      BYTE.b	%00000000
    576  0650 ????	       00		      BYTE.b	%00000000
    577  0651 ????
    578  0651 ????
    579  0651 ????
    580  0651 ????			  -	      if	>. != >[.+(bmp_96x2_1_height)]
    581  0651 ????			  -	      align	256
    582  0651 ????				      endif
    583  0651 ????
    584  0651 ????
    585  0651 ????			   bmp_96x2_1_05
    586  0651 ????						; *** replace this block with your bimap_05 data block...
    587  0651 ????	       00		      BYTE.b	%00000000
    588  0652 ????	       00		      BYTE.b	%00000000
    589  0653 ????	       00		      BYTE.b	%00000000
    590  0654 ????	       00		      BYTE.b	%00000000
    591  0655 ????	       00		      BYTE.b	%00000000
    592  0656 ????	       00		      BYTE.b	%00000000
    593  0657 ????	       63		      BYTE.b	%01100011
    594  0658 ????	       a2		      BYTE.b	%10100010
    595  0659 ????	       63		      BYTE.b	%01100011
    596  065a ????	       22		      BYTE.b	%00100010
    597  065b ????	       00		      BYTE.b	%00000000
    598  065c ????	       00		      BYTE.b	%00000000
    599  065d ????	       00		      BYTE.b	%00000000
    600  065e ????	       00		      BYTE.b	%00000000
    601  065f ????	       00		      BYTE.b	%00000000
    602  0660 ????	       00		      BYTE.b	%00000000
    603  0661 ????	       00		      BYTE.b	%00000000
    604  0662 ????	       00		      BYTE.b	%00000000
    605  0663 ????	       00		      BYTE.b	%00000000
    606  0664 ????	       00		      BYTE.b	%00000000
    607  0665 ????	       00		      BYTE.b	%00000000
    608  0666 ????	       0c		      BYTE.b	%00001100
    609  0667 ????	       82		      BYTE.b	%10000010
    610  0668 ????	       8c		      BYTE.b	%10001100
    611  0669 ????	       06		      BYTE.b	%00000110
    612  066a ????	       00		      BYTE.b	%00000000
    613  066b ????	       00		      BYTE.b	%00000000
    614  066c ????	       00		      BYTE.b	%00000000
    615  066d ????	       b3		      BYTE.b	%10110011
    616  066e ????	       08		      BYTE.b	%00001000
    617  066f ????	       33		      BYTE.b	%00110011
    618  0670 ????	       99		      BYTE.b	%10011001
    619  0671 ????	       00		      BYTE.b	%00000000
    620  0672 ????	       00		      BYTE.b	%00000000
    621  0673 ????	       00		      BYTE.b	%00000000
    622  0674 ????	       00		      BYTE.b	%00000000
    623  0675 ????	       00		      BYTE.b	%00000000
    624  0676 ????	       00		      BYTE.b	%00000000
    625  0677 ????	       00		      BYTE.b	%00000000
    626  0678 ????	       00		      BYTE.b	%00000000
    627  0679 ????	       00		      BYTE.b	%00000000
    628  067a ????	       f8		      BYTE.b	%11111000
    629  067b ????	       f8		      BYTE.b	%11111000
    630  067c ????	       f8		      BYTE.b	%11111000
    631  067d ????	       f8		      BYTE.b	%11111000
    632  067e ????	       f8		      BYTE.b	%11111000
    633  067f ????	       f9		      BYTE.b	%11111001
    634  0680 ????	       ff		      BYTE.b	%11111111
    635  0681 ????	       ff		      BYTE.b	%11111111
    636  0682 ????	       fe		      BYTE.b	%11111110
    637  0683 ????	       fe		      BYTE.b	%11111110
    638  0684 ????	       f8		      BYTE.b	%11111000
    639  0685 ????	       00		      BYTE.b	%00000000
    640  0686 ????	       00		      BYTE.b	%00000000
    641  0687 ????	       00		      BYTE.b	%00000000
    642  0688 ????	       00		      BYTE.b	%00000000
    643  0689 ????	       fc		      BYTE.b	%11111100
    644  068a ????	       fc		      BYTE.b	%11111100
    645  068b ????	       00		      BYTE.b	%00000000
    646  068c ????	       00		      BYTE.b	%00000000
    647  068d ????	       00		      BYTE.b	%00000000
    648  068e ????	       f0		      BYTE.b	%11110000
    649  068f ????	       f0		      BYTE.b	%11110000
    650  0690 ????	       00		      BYTE.b	%00000000
    651  0691 ????	       00		      BYTE.b	%00000000
    652  0692 ????	       fc		      BYTE.b	%11111100
    653  0693 ????	       fc		      BYTE.b	%11111100
    654  0694 ????	       00		      BYTE.b	%00000000
    655  0695 ????	       00		      BYTE.b	%00000000
    656  0696 ????	       00		      BYTE.b	%00000000
    657  0697 ????	       0f		      BYTE.b	%00001111
    658  0698 ????	       0f		      BYTE.b	%00001111
    659  0699 ????	       0f		      BYTE.b	%00001111
    660  069a ????	       0f		      BYTE.b	%00001111
    661  069b ????	       0f		      BYTE.b	%00001111
    662  069c ????	       0f		      BYTE.b	%00001111
    663  069d ????	       0f		      BYTE.b	%00001111
    664  069e ????	       0f		      BYTE.b	%00001111
    665  069f ????	       0f		      BYTE.b	%00001111
    666  06a0 ????	       0f		      BYTE.b	%00001111
    667  06a1 ????	       0f		      BYTE.b	%00001111
    668  06a2 ????	       0f		      BYTE.b	%00001111
    669  06a3 ????	       0f		      BYTE.b	%00001111
    670  06a4 ????	       0f		      BYTE.b	%00001111
    671  06a5 ????	       00		      BYTE.b	%00000000
    672  06a6 ????
    673  06a6 ????
    674  06a6 ????
    675  06a6 ????			  -	      if	>. != >[.+(bmp_96x2_1_height)]
    676  06a6 ????			  -	      align	256
    677  06a6 ????				      endif
    678  06a6 ????
    679  06a6 ????
    680  06a6 ????			   bmp_96x2_1_06
    681  06a6 ????						; *** replace this block with your bimap_06 data block...
    682  06a6 ????	       00		      BYTE.b	%00000000
    683  06a7 ????	       00		      BYTE.b	%00000000
    684  06a8 ????	       00		      BYTE.b	%00000000
    685  06a9 ????	       00		      BYTE.b	%00000000
    686  06aa ????	       00		      BYTE.b	%00000000
    687  06ab ????	       00		      BYTE.b	%00000000
    688  06ac ????	       20		      BYTE.b	%00100000
    689  06ad ????	       90		      BYTE.b	%10010000
    690  06ae ????	       28		      BYTE.b	%00101000
    691  06af ????	       00		      BYTE.b	%00000000
    692  06b0 ????	       00		      BYTE.b	%00000000
    693  06b1 ????	       00		      BYTE.b	%00000000
    694  06b2 ????	       00		      BYTE.b	%00000000
    695  06b3 ????	       00		      BYTE.b	%00000000
    696  06b4 ????	       00		      BYTE.b	%00000000
    697  06b5 ????	       00		      BYTE.b	%00000000
    698  06b6 ????	       00		      BYTE.b	%00000000
    699  06b7 ????	       00		      BYTE.b	%00000000
    700  06b8 ????	       00		      BYTE.b	%00000000
    701  06b9 ????	       00		      BYTE.b	%00000000
    702  06ba ????	       00		      BYTE.b	%00000000
    703  06bb ????	       4a		      BYTE.b	%01001010
    704  06bc ????	       4e		      BYTE.b	%01001110
    705  06bd ????	       4a		      BYTE.b	%01001010
    706  06be ????	       e4		      BYTE.b	%11100100
    707  06bf ????	       00		      BYTE.b	%00000000
    708  06c0 ????	       00		      BYTE.b	%00000000
    709  06c1 ????	       00		      BYTE.b	%00000000
    710  06c2 ????	       08		      BYTE.b	%00001000
    711  06c3 ????	       88		      BYTE.b	%10001000
    712  06c4 ????	       0c		      BYTE.b	%00001100
    713  06c5 ????	       8e		      BYTE.b	%10001110
    714  06c6 ????	       00		      BYTE.b	%00000000
    715  06c7 ????	       00		      BYTE.b	%00000000
    716  06c8 ????	       00		      BYTE.b	%00000000
    717  06c9 ????	       00		      BYTE.b	%00000000
    718  06ca ????	       00		      BYTE.b	%00000000
    719  06cb ????	       00		      BYTE.b	%00000000
    720  06cc ????	       00		      BYTE.b	%00000000
    721  06cd ????	       00		      BYTE.b	%00000000
    722  06ce ????	       00		      BYTE.b	%00000000
    723  06cf ????	       1f		      BYTE.b	%00011111
    724  06d0 ????	       1f		      BYTE.b	%00011111
    725  06d1 ????	       1f		      BYTE.b	%00011111
    726  06d2 ????	       7f		      BYTE.b	%01111111
    727  06d3 ????	       7f		      BYTE.b	%01111111
    728  06d4 ????	       ff		      BYTE.b	%11111111
    729  06d5 ????	       ff		      BYTE.b	%11111111
    730  06d6 ????	       9f		      BYTE.b	%10011111
    731  06d7 ????	       1f		      BYTE.b	%00011111
    732  06d8 ????	       1f		      BYTE.b	%00011111
    733  06d9 ????	       1f		      BYTE.b	%00011111
    734  06da ????	       00		      BYTE.b	%00000000
    735  06db ????	       00		      BYTE.b	%00000000
    736  06dc ????	       00		      BYTE.b	%00000000
    737  06dd ????	       00		      BYTE.b	%00000000
    738  06de ????	       3f		      BYTE.b	%00111111
    739  06df ????	       3f		      BYTE.b	%00111111
    740  06e0 ????	       3e		      BYTE.b	%00111110
    741  06e1 ????	       3e		      BYTE.b	%00111110
    742  06e2 ????	       3e		      BYTE.b	%00111110
    743  06e3 ????	       3f		      BYTE.b	%00111111
    744  06e4 ????	       3f		      BYTE.b	%00111111
    745  06e5 ????	       3e		      BYTE.b	%00111110
    746  06e6 ????	       3e		      BYTE.b	%00111110
    747  06e7 ????	       3f		      BYTE.b	%00111111
    748  06e8 ????	       3f		      BYTE.b	%00111111
    749  06e9 ????	       00		      BYTE.b	%00000000
    750  06ea ????	       00		      BYTE.b	%00000000
    751  06eb ????	       00		      BYTE.b	%00000000
    752  06ec ????	       fc		      BYTE.b	%11111100
    753  06ed ????	       fc		      BYTE.b	%11111100
    754  06ee ????	       ff		      BYTE.b	%11111111
    755  06ef ????	       fc		      BYTE.b	%11111100
    756  06f0 ????	       fc		      BYTE.b	%11111100
    757  06f1 ????	       fc		      BYTE.b	%11111100
    758  06f2 ????	       fc		      BYTE.b	%11111100
    759  06f3 ????	       fc		      BYTE.b	%11111100
    760  06f4 ????	       ff		      BYTE.b	%11111111
    761  06f5 ????	       fc		      BYTE.b	%11111100
    762  06f6 ????	       fc		      BYTE.b	%11111100
    763  06f7 ????	       fc		      BYTE.b	%11111100
    764  06f8 ????	       fc		      BYTE.b	%11111100
    765  06f9 ????	       fc		      BYTE.b	%11111100
    766  06fa ????	       00		      BYTE.b	%00000000
    767  06fb ????
    768  06fb ????
    769  06fb ????
    770  06fb ????			  -	      if	>. != >[.+(bmp_96x2_1_height)]
    771  06fb ????			  -	      align	256
    772  06fb ????				      endif
    773  06fb ????
    774  06fb ????
    775  06fb ????			   bmp_96x2_1_07
    776  06fb ????						; *** replace this block with your bimap_07 data block...
    777  06fb ????	       00		      BYTE.b	%00000000
    778  06fc ????	       00		      BYTE.b	%00000000
    779  06fd ????	       00		      BYTE.b	%00000000
    780  06fe ????	       00		      BYTE.b	%00000000
    781  06ff ????	       00		      BYTE.b	%00000000
    782  0700 ????	       00		      BYTE.b	%00000000
    783  0701 ????	       8c		      BYTE.b	%10001100
    784  0702 ????	       c2		      BYTE.b	%11000010
    785  0703 ????	       ac		      BYTE.b	%10101100
    786  0704 ????	       c6		      BYTE.b	%11000110
    787  0705 ????	       00		      BYTE.b	%00000000
    788  0706 ????	       00		      BYTE.b	%00000000
    789  0707 ????	       00		      BYTE.b	%00000000
    790  0708 ????	       00		      BYTE.b	%00000000
    791  0709 ????	       00		      BYTE.b	%00000000
    792  070a ????	       00		      BYTE.b	%00000000
    793  070b ????	       00		      BYTE.b	%00000000
    794  070c ????	       00		      BYTE.b	%00000000
    795  070d ????	       00		      BYTE.b	%00000000
    796  070e ????	       00		      BYTE.b	%00000000
    797  070f ????	       00		      BYTE.b	%00000000
    798  0710 ????	       a4		      BYTE.b	%10100100
    799  0711 ????	       c4		      BYTE.b	%11000100
    800  0712 ????	       a4		      BYTE.b	%10100100
    801  0713 ????	       ce		      BYTE.b	%11001110
    802  0714 ????	       00		      BYTE.b	%00000000
    803  0715 ????	       00		      BYTE.b	%00000000
    804  0716 ????	       00		      BYTE.b	%00000000
    805  0717 ????	       ab		      BYTE.b	%10101011
    806  0718 ????	       b2		      BYTE.b	%10110010
    807  0719 ????	       ab		      BYTE.b	%10101011
    808  071a ????	       b3		      BYTE.b	%10110011
    809  071b ????	       00		      BYTE.b	%00000000
    810  071c ????	       00		      BYTE.b	%00000000
    811  071d ????	       00		      BYTE.b	%00000000
    812  071e ????	       00		      BYTE.b	%00000000
    813  071f ????	       00		      BYTE.b	%00000000
    814  0720 ????	       00		      BYTE.b	%00000000
    815  0721 ????	       00		      BYTE.b	%00000000
    816  0722 ????	       00		      BYTE.b	%00000000
    817  0723 ????	       00		      BYTE.b	%00000000
    818  0724 ????	       03		      BYTE.b	%00000011
    819  0725 ????	       03		      BYTE.b	%00000011
    820  0726 ????	       00		      BYTE.b	%00000000
    821  0727 ????	       00		      BYTE.b	%00000000
    822  0728 ????	       00		      BYTE.b	%00000000
    823  0729 ????	       00		      BYTE.b	%00000000
    824  072a ????	       00		      BYTE.b	%00000000
    825  072b ????	       00		      BYTE.b	%00000000
    826  072c ????	       00		      BYTE.b	%00000000
    827  072d ????	       03		      BYTE.b	%00000011
    828  072e ????	       03		      BYTE.b	%00000011
    829  072f ????	       00		      BYTE.b	%00000000
    830  0730 ????	       00		      BYTE.b	%00000000
    831  0731 ????	       00		      BYTE.b	%00000000
    832  0732 ????	       00		      BYTE.b	%00000000
    833  0733 ????	       ff		      BYTE.b	%11111111
    834  0734 ????	       ff		      BYTE.b	%11111111
    835  0735 ????	       00		      BYTE.b	%00000000
    836  0736 ????	       00		      BYTE.b	%00000000
    837  0737 ????	       00		      BYTE.b	%00000000
    838  0738 ????	       ff		      BYTE.b	%11111111
    839  0739 ????	       fe		      BYTE.b	%11111110
    840  073a ????	       00		      BYTE.b	%00000000
    841  073b ????	       00		      BYTE.b	%00000000
    842  073c ????	       ff		      BYTE.b	%11111111
    843  073d ????	       ff		      BYTE.b	%11111111
    844  073e ????	       00		      BYTE.b	%00000000
    845  073f ????	       00		      BYTE.b	%00000000
    846  0740 ????	       00		      BYTE.b	%00000000
    847  0741 ????	       00		      BYTE.b	%00000000
    848  0742 ????	       00		      BYTE.b	%00000000
    849  0743 ????	       c0		      BYTE.b	%11000000
    850  0744 ????	       40		      BYTE.b	%01000000
    851  0745 ????	       40		      BYTE.b	%01000000
    852  0746 ????	       40		      BYTE.b	%01000000
    853  0747 ????	       40		      BYTE.b	%01000000
    854  0748 ????	       40		      BYTE.b	%01000000
    855  0749 ????	       c0		      BYTE.b	%11000000
    856  074a ????	       00		      BYTE.b	%00000000
    857  074b ????	       00		      BYTE.b	%00000000
    858  074c ????	       00		      BYTE.b	%00000000
    859  074d ????	       00		      BYTE.b	%00000000
    860  074e ????	       00		      BYTE.b	%00000000
    861  074f ????	       00		      BYTE.b	%00000000
    862  0750 ????
    863  0750 ????
    864  0750 ????
    865  0750 ????			  -	      if	>. != >[.+(bmp_96x2_1_height)]
    866  0750 ????			  -	      align	256
    867  0750 ????				      endif
    868  0750 ????
    869  0750 ????
    870  0750 ????			   bmp_96x2_1_08
    871  0750 ????						; *** replace this block with your bimap_08 data block...
    872  0750 ????	       00		      BYTE.b	%00000000
    873  0751 ????	       00		      BYTE.b	%00000000
    874  0752 ????	       00		      BYTE.b	%00000000
    875  0753 ????	       00		      BYTE.b	%00000000
    876  0754 ????	       00		      BYTE.b	%00000000
    877  0755 ????	       00		      BYTE.b	%00000000
    878  0756 ????	       ce		      BYTE.b	%11001110
    879  0757 ????	       a8		      BYTE.b	%10101000
    880  0758 ????	       ac		      BYTE.b	%10101100
    881  0759 ????	       ce		      BYTE.b	%11001110
    882  075a ????	       00		      BYTE.b	%00000000
    883  075b ????	       00		      BYTE.b	%00000000
    884  075c ????	       00		      BYTE.b	%00000000
    885  075d ????	       00		      BYTE.b	%00000000
    886  075e ????	       00		      BYTE.b	%00000000
    887  075f ????	       00		      BYTE.b	%00000000
    888  0760 ????	       00		      BYTE.b	%00000000
    889  0761 ????	       00		      BYTE.b	%00000000
    890  0762 ????	       00		      BYTE.b	%00000000
    891  0763 ????	       00		      BYTE.b	%00000000
    892  0764 ????	       00		      BYTE.b	%00000000
    893  0765 ????	       00		      BYTE.b	%00000000
    894  0766 ????	       00		      BYTE.b	%00000000
    895  0767 ????	       00		      BYTE.b	%00000000
    896  0768 ????	       00		      BYTE.b	%00000000
    897  0769 ????	       00		      BYTE.b	%00000000
    898  076a ????	       00		      BYTE.b	%00000000
    899  076b ????	       00		      BYTE.b	%00000000
    900  076c ????	       80		      BYTE.b	%10000000
    901  076d ????	       00		      BYTE.b	%00000000
    902  076e ????	       00		      BYTE.b	%00000000
    903  076f ????	       80		      BYTE.b	%10000000
    904  0770 ????	       00		      BYTE.b	%00000000
    905  0771 ????	       00		      BYTE.b	%00000000
    906  0772 ????	       00		      BYTE.b	%00000000
    907  0773 ????	       00		      BYTE.b	%00000000
    908  0774 ????	       00		      BYTE.b	%00000000
    909  0775 ????	       00		      BYTE.b	%00000000
    910  0776 ????	       00		      BYTE.b	%00000000
    911  0777 ????	       00		      BYTE.b	%00000000
    912  0778 ????	       00		      BYTE.b	%00000000
    913  0779 ????	       ff		      BYTE.b	%11111111
    914  077a ????	       ff		      BYTE.b	%11111111
    915  077b ????	       3e		      BYTE.b	%00111110
    916  077c ????	       3e		      BYTE.b	%00111110
    917  077d ????	       3e		      BYTE.b	%00111110
    918  077e ????	       3e		      BYTE.b	%00111110
    919  077f ????	       3e		      BYTE.b	%00111110
    920  0780 ????	       3e		      BYTE.b	%00111110
    921  0781 ????	       3e		      BYTE.b	%00111110
    922  0782 ????	       ff		      BYTE.b	%11111111
    923  0783 ????	       ff		      BYTE.b	%11111111
    924  0784 ????	       00		      BYTE.b	%00000000
    925  0785 ????	       00		      BYTE.b	%00000000
    926  0786 ????	       00		      BYTE.b	%00000000
    927  0787 ????	       00		      BYTE.b	%00000000
    928  0788 ????	       c3		      BYTE.b	%11000011
    929  0789 ????	       c3		      BYTE.b	%11000011
    930  078a ????	       03		      BYTE.b	%00000011
    931  078b ????	       03		      BYTE.b	%00000011
    932  078c ????	       03		      BYTE.b	%00000011
    933  078d ????	       03		      BYTE.b	%00000011
    934  078e ????	       03		      BYTE.b	%00000011
    935  078f ????	       03		      BYTE.b	%00000011
    936  0790 ????	       03		      BYTE.b	%00000011
    937  0791 ????	       c3		      BYTE.b	%11000011
    938  0792 ????	       c3		      BYTE.b	%11000011
    939  0793 ????	       00		      BYTE.b	%00000000
    940  0794 ????	       00		      BYTE.b	%00000000
    941  0795 ????	       00		      BYTE.b	%00000000
    942  0796 ????	       00		      BYTE.b	%00000000
    943  0797 ????	       00		      BYTE.b	%00000000
    944  0798 ????	       00		      BYTE.b	%00000000
    945  0799 ????	       00		      BYTE.b	%00000000
    946  079a ????	       00		      BYTE.b	%00000000
    947  079b ????	       00		      BYTE.b	%00000000
    948  079c ????	       00		      BYTE.b	%00000000
    949  079d ????	       00		      BYTE.b	%00000000
    950  079e ????	       00		      BYTE.b	%00000000
    951  079f ????	       00		      BYTE.b	%00000000
    952  07a0 ????	       00		      BYTE.b	%00000000
    953  07a1 ????	       00		      BYTE.b	%00000000
    954  07a2 ????	       00		      BYTE.b	%00000000
    955  07a3 ????	       00		      BYTE.b	%00000000
    956  07a4 ????	       00		      BYTE.b	%00000000
    957  07a5 ????
    958  07a5 ????
    959  07a5 ????
    960  07a5 ????			  -	      if	>. != >[.+(bmp_96x2_1_height)]
    961  07a5 ????			  -	      align	256
    962  07a5 ????				      endif
    963  07a5 ????
    964  07a5 ????
    965  07a5 ????			   bmp_96x2_1_09
    966  07a5 ????						; *** replace this block with your bimap_09 data block...
    967  07a5 ????	       00		      BYTE.b	%00000000
    968  07a6 ????	       00		      BYTE.b	%00000000
    969  07a7 ????	       00		      BYTE.b	%00000000
    970  07a8 ????	       00		      BYTE.b	%00000000
    971  07a9 ????	       00		      BYTE.b	%00000000
    972  07aa ????	       00		      BYTE.b	%00000000
    973  07ab ????	       ae		      BYTE.b	%10101110
    974  07ac ????	       a8		      BYTE.b	%10101000
    975  07ad ????	       ec		      BYTE.b	%11101100
    976  07ae ????	       ee		      BYTE.b	%11101110
    977  07af ????	       00		      BYTE.b	%00000000
    978  07b0 ????	       00		      BYTE.b	%00000000
    979  07b1 ????	       00		      BYTE.b	%00000000
    980  07b2 ????	       00		      BYTE.b	%00000000
    981  07b3 ????	       00		      BYTE.b	%00000000
    982  07b4 ????	       00		      BYTE.b	%00000000
    983  07b5 ????	       00		      BYTE.b	%00000000
    984  07b6 ????	       00		      BYTE.b	%00000000
    985  07b7 ????	       00		      BYTE.b	%00000000
    986  07b8 ????	       00		      BYTE.b	%00000000
    987  07b9 ????	       00		      BYTE.b	%00000000
    988  07ba ????	       00		      BYTE.b	%00000000
    989  07bb ????	       00		      BYTE.b	%00000000
    990  07bc ????	       00		      BYTE.b	%00000000
    991  07bd ????	       00		      BYTE.b	%00000000
    992  07be ????	       00		      BYTE.b	%00000000
    993  07bf ????	       00		      BYTE.b	%00000000
    994  07c0 ????	       00		      BYTE.b	%00000000
    995  07c1 ????	       00		      BYTE.b	%00000000
    996  07c2 ????	       00		      BYTE.b	%00000000
    997  07c3 ????	       00		      BYTE.b	%00000000
    998  07c4 ????	       00		      BYTE.b	%00000000
    999  07c5 ????	       00		      BYTE.b	%00000000
   1000  07c6 ????	       00		      BYTE.b	%00000000
   1001  07c7 ????	       00		      BYTE.b	%00000000
   1002  07c8 ????	       00		      BYTE.b	%00000000
   1003  07c9 ????	       00		      BYTE.b	%00000000
   1004  07ca ????	       00		      BYTE.b	%00000000
   1005  07cb ????	       00		      BYTE.b	%00000000
   1006  07cc ????	       00		      BYTE.b	%00000000
   1007  07cd ????	       00		      BYTE.b	%00000000
   1008  07ce ????	       f1		      BYTE.b	%11110001
   1009  07cf ????	       f1		      BYTE.b	%11110001
   1010  07d0 ????	       01		      BYTE.b	%00000001
   1011  07d1 ????	       01		      BYTE.b	%00000001
   1012  07d2 ????	       01		      BYTE.b	%00000001
   1013  07d3 ????	       01		      BYTE.b	%00000001
   1014  07d4 ????	       01		      BYTE.b	%00000001
   1015  07d5 ????	       01		      BYTE.b	%00000001
   1016  07d6 ????	       00		      BYTE.b	%00000000
   1017  07d7 ????	       f0		      BYTE.b	%11110000
   1018  07d8 ????	       f0		      BYTE.b	%11110000
   1019  07d9 ????	       00		      BYTE.b	%00000000
   1020  07da ????	       00		      BYTE.b	%00000000
   1021  07db ????	       00		      BYTE.b	%00000000
   1022  07dc ????	       00		      BYTE.b	%00000000
   1023  07dd ????	       c1		      BYTE.b	%11000001
   1024  07de ????	       c3		      BYTE.b	%11000011
   1025  07df ????	       cf		      BYTE.b	%11001111
   1026  07e0 ????	       ff		      BYTE.b	%11111111
   1027  07e1 ????	       ff		      BYTE.b	%11111111
   1028  07e2 ????	       c3		      BYTE.b	%11000011
   1029  07e3 ????	       c1		      BYTE.b	%11000001
   1030  07e4 ????	       c0		      BYTE.b	%11000000
   1031  07e5 ????	       c0		      BYTE.b	%11000000
   1032  07e6 ????	       ff		      BYTE.b	%11111111
   1033  07e7 ????	       ff		      BYTE.b	%11111111
   1034  07e8 ????	       00		      BYTE.b	%00000000
   1035  07e9 ????	       00		      BYTE.b	%00000000
   1036  07ea ????	       00		      BYTE.b	%00000000
   1037  07eb ????	       00		      BYTE.b	%00000000
   1038  07ec ????	       00		      BYTE.b	%00000000
   1039  07ed ????	       00		      BYTE.b	%00000000
   1040  07ee ????	       00		      BYTE.b	%00000000
   1041  07ef ????	       00		      BYTE.b	%00000000
   1042  07f0 ????	       00		      BYTE.b	%00000000
   1043  07f1 ????	       00		      BYTE.b	%00000000
   1044  07f2 ????	       00		      BYTE.b	%00000000
   1045  07f3 ????	       00		      BYTE.b	%00000000
   1046  07f4 ????	       00		      BYTE.b	%00000000
   1047  07f5 ????	       00		      BYTE.b	%00000000
   1048  07f6 ????	       00		      BYTE.b	%00000000
   1049  07f7 ????	       00		      BYTE.b	%00000000
   1050  07f8 ????	       00		      BYTE.b	%00000000
   1051  07f9 ????	       00		      BYTE.b	%00000000
   1052  07fa ????
   1053  07fa ????
   1054  07fa ????
   1055  07fa ????			  -	      if	>. != >[.+(bmp_96x2_1_height)]
   1056  07fa ????			  -	      align	256
   1057  07fa ????				      endif
   1058  07fa ????
   1059  07fa ????
   1060  07fa ????			   bmp_96x2_1_10
   1061  07fa ????						; *** replace this block with your bimap_10 data block...
   1062  07fa ????	       00		      BYTE.b	%00000000
   1063  07fb ????	       00		      BYTE.b	%00000000
   1064  07fc ????	       00		      BYTE.b	%00000000
   1065  07fd ????	       00		      BYTE.b	%00000000
   1066  07fe ????	       00		      BYTE.b	%00000000
   1067  07ff ????	       00		      BYTE.b	%00000000
   1068  0800 ????	       00		      BYTE.b	%00000000
   1069  0801 ????	       00		      BYTE.b	%00000000
   1070  0802 ????	       00		      BYTE.b	%00000000
   1071  0803 ????	       00		      BYTE.b	%00000000
   1072  0804 ????	       00		      BYTE.b	%00000000
   1073  0805 ????	       00		      BYTE.b	%00000000
   1074  0806 ????	       00		      BYTE.b	%00000000
   1075  0807 ????	       00		      BYTE.b	%00000000
   1076  0808 ????	       00		      BYTE.b	%00000000
   1077  0809 ????	       00		      BYTE.b	%00000000
   1078  080a ????	       00		      BYTE.b	%00000000
   1079  080b ????	       00		      BYTE.b	%00000000
   1080  080c ????	       00		      BYTE.b	%00000000
   1081  080d ????	       00		      BYTE.b	%00000000
   1082  080e ????	       00		      BYTE.b	%00000000
   1083  080f ????	       00		      BYTE.b	%00000000
   1084  0810 ????	       00		      BYTE.b	%00000000
   1085  0811 ????	       00		      BYTE.b	%00000000
   1086  0812 ????	       00		      BYTE.b	%00000000
   1087  0813 ????	       00		      BYTE.b	%00000000
   1088  0814 ????	       00		      BYTE.b	%00000000
   1089  0815 ????	       00		      BYTE.b	%00000000
   1090  0816 ????	       00		      BYTE.b	%00000000
   1091  0817 ????	       00		      BYTE.b	%00000000
   1092  0818 ????	       00		      BYTE.b	%00000000
   1093  0819 ????	       00		      BYTE.b	%00000000
   1094  081a ????	       00		      BYTE.b	%00000000
   1095  081b ????	       00		      BYTE.b	%00000000
   1096  081c ????	       00		      BYTE.b	%00000000
   1097  081d ????	       00		      BYTE.b	%00000000
   1098  081e ????	       00		      BYTE.b	%00000000
   1099  081f ????	       00		      BYTE.b	%00000000
   1100  0820 ????	       00		      BYTE.b	%00000000
   1101  0821 ????	       00		      BYTE.b	%00000000
   1102  0822 ????	       00		      BYTE.b	%00000000
   1103  0823 ????	       f0		      BYTE.b	%11110000
   1104  0824 ????	       f0		      BYTE.b	%11110000
   1105  0825 ????	       f0		      BYTE.b	%11110000
   1106  0826 ????	       ff		      BYTE.b	%11111111
   1107  0827 ????	       ff		      BYTE.b	%11111111
   1108  0828 ????	       f0		      BYTE.b	%11110000
   1109  0829 ????	       f0		      BYTE.b	%11110000
   1110  082a ????	       f0		      BYTE.b	%11110000
   1111  082b ????	       3c		      BYTE.b	%00111100
   1112  082c ????	       3f		      BYTE.b	%00111111
   1113  082d ????	       0f		      BYTE.b	%00001111
   1114  082e ????	       00		      BYTE.b	%00000000
   1115  082f ????	       00		      BYTE.b	%00000000
   1116  0830 ????	       00		      BYTE.b	%00000000
   1117  0831 ????	       00		      BYTE.b	%00000000
   1118  0832 ????	       fc		      BYTE.b	%11111100
   1119  0833 ????	       fc		      BYTE.b	%11111100
   1120  0834 ????	       e0		      BYTE.b	%11100000
   1121  0835 ????	       e0		      BYTE.b	%11100000
   1122  0836 ????	       80		      BYTE.b	%10000000
   1123  0837 ????	       fc		      BYTE.b	%11111100
   1124  0838 ????	       fc		      BYTE.b	%11111100
   1125  0839 ????	       7c		      BYTE.b	%01111100
   1126  083a ????	       7c		      BYTE.b	%01111100
   1127  083b ????	       f8		      BYTE.b	%11111000
   1128  083c ????	       e0		      BYTE.b	%11100000
   1129  083d ????	       00		      BYTE.b	%00000000
   1130  083e ????	       00		      BYTE.b	%00000000
   1131  083f ????	       00		      BYTE.b	%00000000
   1132  0840 ????	       00		      BYTE.b	%00000000
   1133  0841 ????	       00		      BYTE.b	%00000000
   1134  0842 ????	       00		      BYTE.b	%00000000
   1135  0843 ????	       00		      BYTE.b	%00000000
   1136  0844 ????	       00		      BYTE.b	%00000000
   1137  0845 ????	       00		      BYTE.b	%00000000
   1138  0846 ????	       00		      BYTE.b	%00000000
   1139  0847 ????	       00		      BYTE.b	%00000000
   1140  0848 ????	       00		      BYTE.b	%00000000
   1141  0849 ????	       00		      BYTE.b	%00000000
   1142  084a ????	       00		      BYTE.b	%00000000
   1143  084b ????	       00		      BYTE.b	%00000000
   1144  084c ????	       00		      BYTE.b	%00000000
   1145  084d ????	       00		      BYTE.b	%00000000
   1146  084e ????	       00		      BYTE.b	%00000000
   1147  084f ????
   1148  084f ????
   1149  084f ????
   1150  084f ????			  -	      if	>. != >[.+(bmp_96x2_1_height)]
   1151  084f ????			  -	      align	256
   1152  084f ????				      endif
   1153  084f ????
   1154  084f ????
   1155  084f ????			   bmp_96x2_1_11
   1156  084f ????						; *** replace this block with your bimap_11 data block...
   1157  084f ????	       00		      BYTE.b	%00000000
   1158  0850 ????	       00		      BYTE.b	%00000000
   1159  0851 ????	       00		      BYTE.b	%00000000
   1160  0852 ????	       00		      BYTE.b	%00000000
   1161  0853 ????	       00		      BYTE.b	%00000000
   1162  0854 ????	       00		      BYTE.b	%00000000
   1163  0855 ????	       00		      BYTE.b	%00000000
   1164  0856 ????	       00		      BYTE.b	%00000000
   1165  0857 ????	       00		      BYTE.b	%00000000
   1166  0858 ????	       00		      BYTE.b	%00000000
   1167  0859 ????	       00		      BYTE.b	%00000000
   1168  085a ????	       00		      BYTE.b	%00000000
   1169  085b ????	       00		      BYTE.b	%00000000
   1170  085c ????	       00		      BYTE.b	%00000000
   1171  085d ????	       00		      BYTE.b	%00000000
   1172  085e ????	       00		      BYTE.b	%00000000
   1173  085f ????	       00		      BYTE.b	%00000000
   1174  0860 ????	       00		      BYTE.b	%00000000
   1175  0861 ????	       00		      BYTE.b	%00000000
   1176  0862 ????	       00		      BYTE.b	%00000000
   1177  0863 ????	       00		      BYTE.b	%00000000
   1178  0864 ????	       00		      BYTE.b	%00000000
   1179  0865 ????	       00		      BYTE.b	%00000000
   1180  0866 ????	       00		      BYTE.b	%00000000
   1181  0867 ????	       00		      BYTE.b	%00000000
   1182  0868 ????	       00		      BYTE.b	%00000000
   1183  0869 ????	       00		      BYTE.b	%00000000
   1184  086a ????	       00		      BYTE.b	%00000000
   1185  086b ????	       00		      BYTE.b	%00000000
   1186  086c ????	       00		      BYTE.b	%00000000
   1187  086d ????	       00		      BYTE.b	%00000000
   1188  086e ????	       00		      BYTE.b	%00000000
   1189  086f ????	       00		      BYTE.b	%00000000
   1190  0870 ????	       00		      BYTE.b	%00000000
   1191  0871 ????	       00		      BYTE.b	%00000000
   1192  0872 ????	       00		      BYTE.b	%00000000
   1193  0873 ????	       00		      BYTE.b	%00000000
   1194  0874 ????	       00		      BYTE.b	%00000000
   1195  0875 ????	       00		      BYTE.b	%00000000
   1196  0876 ????	       00		      BYTE.b	%00000000
   1197  0877 ????	       00		      BYTE.b	%00000000
   1198  0878 ????	       3e		      BYTE.b	%00111110
   1199  0879 ????	       3e		      BYTE.b	%00111110
   1200  087a ????	       3e		      BYTE.b	%00111110
   1201  087b ????	       fe		      BYTE.b	%11111110
   1202  087c ????	       fe		      BYTE.b	%11111110
   1203  087d ????	       3e		      BYTE.b	%00111110
   1204  087e ????	       3e		      BYTE.b	%00111110
   1205  087f ????	       3e		      BYTE.b	%00111110
   1206  0880 ????	       f8		      BYTE.b	%11111000
   1207  0881 ????	       f8		      BYTE.b	%11111000
   1208  0882 ????	       e0		      BYTE.b	%11100000
   1209  0883 ????	       00		      BYTE.b	%00000000
   1210  0884 ????	       00		      BYTE.b	%00000000
   1211  0885 ????	       00		      BYTE.b	%00000000
   1212  0886 ????	       00		      BYTE.b	%00000000
   1213  0887 ????	       00		      BYTE.b	%00000000
   1214  0888 ????	       00		      BYTE.b	%00000000
   1215  0889 ????	       00		      BYTE.b	%00000000
   1216  088a ????	       00		      BYTE.b	%00000000
   1217  088b ????	       00		      BYTE.b	%00000000
   1218  088c ????	       00		      BYTE.b	%00000000
   1219  088d ????	       00		      BYTE.b	%00000000
   1220  088e ????	       00		      BYTE.b	%00000000
   1221  088f ????	       00		      BYTE.b	%00000000
   1222  0890 ????	       00		      BYTE.b	%00000000
   1223  0891 ????	       00		      BYTE.b	%00000000
   1224  0892 ????	       00		      BYTE.b	%00000000
   1225  0893 ????	       00		      BYTE.b	%00000000
   1226  0894 ????	       00		      BYTE.b	%00000000
   1227  0895 ????	       00		      BYTE.b	%00000000
   1228  0896 ????	       00		      BYTE.b	%00000000
   1229  0897 ????	       00		      BYTE.b	%00000000
   1230  0898 ????	       00		      BYTE.b	%00000000
   1231  0899 ????	       00		      BYTE.b	%00000000
   1232  089a ????	       00		      BYTE.b	%00000000
   1233  089b ????	       00		      BYTE.b	%00000000
   1234  089c ????	       00		      BYTE.b	%00000000
   1235  089d ????	       00		      BYTE.b	%00000000
   1236  089e ????	       00		      BYTE.b	%00000000
   1237  089f ????	       00		      BYTE.b	%00000000
   1238  08a0 ????	       00		      BYTE.b	%00000000
   1239  08a1 ????	       00		      BYTE.b	%00000000
   1240  08a2 ????	       00		      BYTE.b	%00000000
   1241  08a3 ????	       00		      BYTE.b	%00000000
