------- FILE 96x2_3_image.asm LEVEL 1 PASS 2
      1  0105 ????
      2  0105 ????						;*** The height of the displayed data...
      3  0105 ????	       00 14	   bmp_96x2_3_window =	20
      4  0105 ????
      5  0105 ????						;*** The height of the bitmap data. This can be larger than 
      6  0105 ????						;*** the displayed data height, if you're scrolling or animating 
      7  0105 ????						;*** the data...
      8  0105 ????	       00 14	   bmp_96x2_3_height =	20
      9  0105 ????
     10  0105 ????
     11  0105 ????			  -	      if	>. != >[.+(bmp_96x2_3_height)]
     12  0105 ????			  -	      align	256
     13  0105 ????				      endif
     14  0105 ????	       00		      BYTE.b	$00	; leave this here!
     15  0106 ????
     16  0106 ????
     17  0106 ????						;*** The color of each line in the bitmap, in reverse order...
     18  0106 ????			   bmp_96x2_3_colors
     19  0106 ????	       42		      .byte.b	$42
     20  0107 ????	       42		      .byte.b	$42
     21  0108 ????	       42		      .byte.b	$42
     22  0109 ????	       42		      .byte.b	$42
     23  010a ????	       42		      .byte.b	$42
     24  010b ????	       42		      .byte.b	$42
     25  010c ????	       42		      .byte.b	$42
     26  010d ????	       42		      .byte.b	$42
     27  010e ????	       42		      .byte.b	$42
     28  010f ????	       42		      .byte.b	$42
     29  0110 ????	       42		      .byte.b	$42
     30  0111 ????	       42		      .byte.b	$42
     31  0112 ????	       42		      .byte.b	$42
     32  0113 ????	       42		      .byte.b	$42
     33  0114 ????	       42		      .byte.b	$42
     34  0115 ????	       42		      .byte.b	$42
     35  0116 ????	       42		      .byte.b	$42
     36  0117 ????	       42		      .byte.b	$42
     37  0118 ????	       42		      .byte.b	$42
     38  0119 ????	       42		      .byte.b	$42
     39  011a ????
     40  011a ????
     41  011a ????			  -	      if	>. != >[.+(bmp_96x2_3_height)]
     42  011a ????			  -	      align	256
     43  011a ????				      endif
     44  011a ????
     45  011a ????
     46  011a ????			   bmp_96x2_3_00
     47  011a ????						; *** replace this block with your bimap_00 data block...
     48  011a ????	       00		      BYTE.b	%00000000
     49  011b ????	       00		      BYTE.b	%00000000
     50  011c ????	       00		      BYTE.b	%00000000
     51  011d ????	       00		      BYTE.b	%00000000
     52  011e ????	       00		      BYTE.b	%00000000
     53  011f ????	       00		      BYTE.b	%00000000
     54  0120 ????	       00		      BYTE.b	%00000000
     55  0121 ????	       00		      BYTE.b	%00000000
     56  0122 ????	       00		      BYTE.b	%00000000
     57  0123 ????	       00		      BYTE.b	%00000000
     58  0124 ????	       70		      BYTE.b	%01110000
     59  0125 ????	       70		      BYTE.b	%01110000
     60  0126 ????	       7f		      BYTE.b	%01111111
     61  0127 ????	       7f		      BYTE.b	%01111111
     62  0128 ????	       71		      BYTE.b	%01110001
     63  0129 ????	       71		      BYTE.b	%01110001
     64  012a ????	       71		      BYTE.b	%01110001
     65  012b ????	       7f		      BYTE.b	%01111111
     66  012c ????	       7f		      BYTE.b	%01111111
     67  012d ????	       00		      BYTE.b	%00000000
     68  012e ????
     69  012e ????
     70  012e ????
     71  012e ????			  -	      if	>. != >[.+(bmp_96x2_3_height)]
     72  012e ????			  -	      align	256
     73  012e ????				      endif
     74  012e ????
     75  012e ????
     76  012e ????			   bmp_96x2_3_01
     77  012e ????						; *** replace this block with your bimap_01 data block...
     78  012e ????	       03		      BYTE.b	%00000011
     79  012f ????	       03		      BYTE.b	%00000011
     80  0130 ????	       03		      BYTE.b	%00000011
     81  0131 ????	       03		      BYTE.b	%00000011
     82  0132 ????	       03		      BYTE.b	%00000011
     83  0133 ????	       03		      BYTE.b	%00000011
     84  0134 ????	       03		      BYTE.b	%00000011
     85  0135 ????	       0f		      BYTE.b	%00001111
     86  0136 ????	       0f		      BYTE.b	%00001111
     87  0137 ????	       00		      BYTE.b	%00000000
     88  0138 ????	       19		      BYTE.b	%00011001
     89  0139 ????	       3b		      BYTE.b	%00111011
     90  013a ????	       3f		      BYTE.b	%00111111
     91  013b ????	       bf		      BYTE.b	%10111111
     92  013c ????	       b9		      BYTE.b	%10111001
     93  013d ????	       b8		      BYTE.b	%10111000
     94  013e ????	       b8		      BYTE.b	%10111000
     95  013f ????	       bf		      BYTE.b	%10111111
     96  0140 ????	       1f		      BYTE.b	%00011111
     97  0141 ????	       00		      BYTE.b	%00000000
     98  0142 ????
     99  0142 ????
    100  0142 ????
    101  0142 ????			  -	      if	>. != >[.+(bmp_96x2_3_height)]
    102  0142 ????			  -	      align	256
    103  0142 ????				      endif
    104  0142 ????
    105  0142 ????
    106  0142 ????			   bmp_96x2_3_02
    107  0142 ????						; *** replace this block with your bimap_02 data block...
    108  0142 ????	       07		      BYTE.b	%00000111
    109  0143 ????	       87		      BYTE.b	%10000111
    110  0144 ????	       8e		      BYTE.b	%10001110
    111  0145 ????	       8e		      BYTE.b	%10001110
    112  0146 ????	       8e		      BYTE.b	%10001110
    113  0147 ????	       8e		      BYTE.b	%10001110
    114  0148 ????	       8e		      BYTE.b	%10001110
    115  0149 ????	       ef		      BYTE.b	%11101111
    116  014a ????	       e7		      BYTE.b	%11100111
    117  014b ????	       00		      BYTE.b	%00000000
    118  014c ????	       ef		      BYTE.b	%11101111
    119  014d ????	       ef		      BYTE.b	%11101111
    120  014e ????	       ce		      BYTE.b	%11001110
    121  014f ????	       cf		      BYTE.b	%11001111
    122  0150 ????	       ef		      BYTE.b	%11101111
    123  0151 ????	       ee		      BYTE.b	%11101110
    124  0152 ????	       ee		      BYTE.b	%11101110
    125  0153 ????	       cf		      BYTE.b	%11001111
    126  0154 ????	       cf		      BYTE.b	%11001111
    127  0155 ????	       00		      BYTE.b	%00000000
    128  0156 ????
    129  0156 ????
    130  0156 ????
    131  0156 ????			  -	      if	>. != >[.+(bmp_96x2_3_height)]
    132  0156 ????			  -	      align	256
    133  0156 ????				      endif
    134  0156 ????
    135  0156 ????
    136  0156 ????			   bmp_96x2_3_03
    137  0156 ????						; *** replace this block with your bimap_03 data block...
    138  0156 ????	       e0		      BYTE.b	%11100000
    139  0157 ????	       f0		      BYTE.b	%11110000
    140  0158 ????	       38		      BYTE.b	%00111000
    141  0159 ????	       38		      BYTE.b	%00111000
    142  015a ????	       38		      BYTE.b	%00111000
    143  015b ????	       38		      BYTE.b	%00111000
    144  015c ????	       38		      BYTE.b	%00111000
    145  015d ????	       f0		      BYTE.b	%11110000
    146  015e ????	       e0		      BYTE.b	%11100000
    147  015f ????	       00		      BYTE.b	%00000000
    148  0160 ????	       f1		      BYTE.b	%11110001
    149  0161 ????	       f3		      BYTE.b	%11110011
    150  0162 ????	       03		      BYTE.b	%00000011
    151  0163 ????	       e1		      BYTE.b	%11100001
    152  0164 ????	       e3		      BYTE.b	%11100011
    153  0165 ????	       07		      BYTE.b	%00000111
    154  0166 ????	       07		      BYTE.b	%00000111
    155  0167 ????	       f3		      BYTE.b	%11110011
    156  0168 ????	       f1		      BYTE.b	%11110001
    157  0169 ????	       00		      BYTE.b	%00000000
    158  016a ????
    159  016a ????
    160  016a ????
    161  016a ????			  -	      if	>. != >[.+(bmp_96x2_3_height)]
    162  016a ????			  -	      align	256
    163  016a ????				      endif
    164  016a ????
    165  016a ????
    166  016a ????			   bmp_96x2_3_04
    167  016a ????						; *** replace this block with your bimap_04 data block...
    168  016a ????	       00		      BYTE.b	%00000000
    169  016b ????	       01		      BYTE.b	%00000001
    170  016c ????	       01		      BYTE.b	%00000001
    171  016d ????	       00		      BYTE.b	%00000000
    172  016e ????	       00		      BYTE.b	%00000000
    173  016f ????	       01		      BYTE.b	%00000001
    174  0170 ????	       01		      BYTE.b	%00000001
    175  0171 ????	       01		      BYTE.b	%00000001
    176  0172 ????	       00		      BYTE.b	%00000000
    177  0173 ????	       00		      BYTE.b	%00000000
    178  0174 ????	       f8		      BYTE.b	%11111000
    179  0175 ????	       fd		      BYTE.b	%11111101
    180  0176 ????	       1d		      BYTE.b	%00011101
    181  0177 ????	       fc		      BYTE.b	%11111100
    182  0178 ????	       f8		      BYTE.b	%11111000
    183  0179 ????	       01		      BYTE.b	%00000001
    184  017a ????	       1d		      BYTE.b	%00011101
    185  017b ????	       f8		      BYTE.b	%11111000
    186  017c ????	       f0		      BYTE.b	%11110000
    187  017d ????	       00		      BYTE.b	%00000000
    188  017e ????
    189  017e ????
    190  017e ????
    191  017e ????			  -	      if	>. != >[.+(bmp_96x2_3_height)]
    192  017e ????			  -	      align	256
    193  017e ????				      endif
    194  017e ????
    195  017e ????
    196  017e ????			   bmp_96x2_3_05
    197  017e ????						; *** replace this block with your bimap_05 data block...
    198  017e ????	       fc		      BYTE.b	%11111100
    199  017f ????	       fe		      BYTE.b	%11111110
    200  0180 ????	       c6		      BYTE.b	%11000110
    201  0181 ????	       06		      BYTE.b	%00000110
    202  0182 ????	       fc		      BYTE.b	%11111100
    203  0183 ????	       c0		      BYTE.b	%11000000
    204  0184 ????	       c6		      BYTE.b	%11000110
    205  0185 ????	       fe		      BYTE.b	%11111110
    206  0186 ????	       fc		      BYTE.b	%11111100
    207  0187 ????	       00		      BYTE.b	%00000000
    208  0188 ????	       fc		      BYTE.b	%11111100
    209  0189 ????	       fe		      BYTE.b	%11111110
    210  018a ????	       c6		      BYTE.b	%11000110
    211  018b ????	       7e		      BYTE.b	%01111110
    212  018c ????	       fc		      BYTE.b	%11111100
    213  018d ????	       c0		      BYTE.b	%11000000
    214  018e ????	       c6		      BYTE.b	%11000110
    215  018f ????	       fe		      BYTE.b	%11111110
    216  0190 ????	       fc		      BYTE.b	%11111100
    217  0191 ????	       00		      BYTE.b	%00000000
    218  0192 ????
    219  0192 ????
    220  0192 ????
    221  0192 ????
    222  0192 ????			  -	      if	>. != >[.+(bmp_96x2_3_height)]
    223  0192 ????			  -	      align	256
    224  0192 ????				      endif
    225  0192 ????
    226  0192 ????
    227  0192 ????			   bmp_96x2_3_06
    228  0192 ????						; *** replace this block with your bimap_06 data block...
    229  0192 ????	       0c		      BYTE.b	%00001100
    230  0193 ????	       0e		      BYTE.b	%00001110
    231  0194 ????	       0e		      BYTE.b	%00001110
    232  0195 ????	       0e		      BYTE.b	%00001110
    233  0196 ????	       0e		      BYTE.b	%00001110
    234  0197 ????	       0e		      BYTE.b	%00001110
    235  0198 ????	       0e		      BYTE.b	%00001110
    236  0199 ????	       3f		      BYTE.b	%00111111
    237  019a ????	       3f		      BYTE.b	%00111111
    238  019b ????	       00		      BYTE.b	%00000000
    239  019c ????	       00		      BYTE.b	%00000000
    240  019d ????	       00		      BYTE.b	%00000000
    241  019e ????	       00		      BYTE.b	%00000000
    242  019f ????	       00		      BYTE.b	%00000000
    243  01a0 ????	       00		      BYTE.b	%00000000
    244  01a1 ????	       00		      BYTE.b	%00000000
    245  01a2 ????	       00		      BYTE.b	%00000000
    246  01a3 ????	       00		      BYTE.b	%00000000
    247  01a4 ????	       00		      BYTE.b	%00000000
    248  01a5 ????	       00		      BYTE.b	%00000000
    249  01a6 ????
    250  01a6 ????
    251  01a6 ????
    252  01a6 ????			  -	      if	>. != >[.+(bmp_96x2_3_height)]
    253  01a6 ????			  -	      align	256
    254  01a6 ????				      endif
    255  01a6 ????
    256  01a6 ????
    257  01a6 ????			   bmp_96x2_3_07
    258  01a6 ????						; *** replace this block with your bimap_07 data block...
    259  01a6 ????	       38		      BYTE.b	%00111000
    260  01a7 ????	       38		      BYTE.b	%00111000
    261  01a8 ????	       38		      BYTE.b	%00111000
    262  01a9 ????	       3f		      BYTE.b	%00111111
    263  01aa ????	       38		      BYTE.b	%00111000
    264  01ab ????	       38		      BYTE.b	%00111000
    265  01ac ????	       1d		      BYTE.b	%00011101
    266  01ad ????	       9f		      BYTE.b	%10011111
    267  01ae ????	       8f		      BYTE.b	%10001111
    268  01af ????	       00		      BYTE.b	%00000000
    269  01b0 ????	       38		      BYTE.b	%00111000
    270  01b1 ????	       38		      BYTE.b	%00111000
    271  01b2 ????	       38		      BYTE.b	%00111000
    272  01b3 ????	       3f		      BYTE.b	%00111111
    273  01b4 ????	       3f		      BYTE.b	%00111111
    274  01b5 ????	       38		      BYTE.b	%00111000
    275  01b6 ????	       38		      BYTE.b	%00111000
    276  01b7 ????	       3f		      BYTE.b	%00111111
    277  01b8 ????	       3f		      BYTE.b	%00111111
    278  01b9 ????	       00		      BYTE.b	%00000000
    279  01ba ????
    280  01ba ????
    281  01ba ????
    282  01ba ????			  -	      if	>. != >[.+(bmp_96x2_3_height)]
    283  01ba ????			  -	      align	256
    284  01ba ????				      endif
    285  01ba ????
    286  01ba ????
    287  01ba ????			   bmp_96x2_3_08
    288  01ba ????						; *** replace this block with your bimap_08 data block...
    289  01ba ????	       cc		      BYTE.b	%11001100
    290  01bb ????	       ed		      BYTE.b	%11101101
    291  01bc ????	       ef		      BYTE.b	%11101111
    292  01bd ????	       ef		      BYTE.b	%11101111
    293  01be ????	       ec		      BYTE.b	%11101100
    294  01bf ????	       ec		      BYTE.b	%11101100
    295  01c0 ????	       cc		      BYTE.b	%11001100
    296  01c1 ????	       8f		      BYTE.b	%10001111
    297  01c2 ????	       0f		      BYTE.b	%00001111
    298  01c3 ????	       00		      BYTE.b	%00000000
    299  01c4 ????	       07		      BYTE.b	%00000111
    300  01c5 ????	       07		      BYTE.b	%00000111
    301  01c6 ????	       01		      BYTE.b	%00000001
    302  01c7 ????	       81		      BYTE.b	%10000001
    303  01c8 ????	       81		      BYTE.b	%10000001
    304  01c9 ????	       01		      BYTE.b	%00000001
    305  01ca ????	       01		      BYTE.b	%00000001
    306  01cb ????	       c7		      BYTE.b	%11000111
    307  01cc ????	       c7		      BYTE.b	%11000111
    308  01cd ????	       00		      BYTE.b	%00000000
    309  01ce ????
    310  01ce ????
    311  01ce ????
    312  01ce ????			  -	      if	>. != >[.+(bmp_96x2_3_height)]
    313  01ce ????			  -	      align	256
    314  01ce ????				      endif
    315  01ce ????
    316  01ce ????
    317  01ce ????			   bmp_96x2_3_09
    318  01ce ????						; *** replace this block with your bimap_09 data block...
    319  01ce ????	       f0		      BYTE.b	%11110000
    320  01cf ????	       f0		      BYTE.b	%11110000
    321  01d0 ????	       e0		      BYTE.b	%11100000
    322  01d1 ????	       c0		      BYTE.b	%11000000
    323  01d2 ????	       f0		      BYTE.b	%11110000
    324  01d3 ????	       70		      BYTE.b	%01110000
    325  01d4 ????	       70		      BYTE.b	%01110000
    326  01d5 ????	       f3		      BYTE.b	%11110011
    327  01d6 ????	       e3		      BYTE.b	%11100011
    328  01d7 ????	       00		      BYTE.b	%00000000
    329  01d8 ????	       f7		      BYTE.b	%11110111
    330  01d9 ????	       f7		      BYTE.b	%11110111
    331  01da ????	       c7		      BYTE.b	%11000111
    332  01db ????	       c7		      BYTE.b	%11000111
    333  01dc ????	       c7		      BYTE.b	%11000111
    334  01dd ????	       c7		      BYTE.b	%11000111
    335  01de ????	       c7		      BYTE.b	%11000111
    336  01df ????	       f7		      BYTE.b	%11110111
    337  01e0 ????	       f7		      BYTE.b	%11110111
    338  01e1 ????	       00		      BYTE.b	%00000000
    339  01e2 ????
    340  01e2 ????
    341  01e2 ????
    342  01e2 ????			  -	      if	>. != >[.+(bmp_96x2_3_height)]
    343  01e2 ????			  -	      align	256
    344  01e2 ????				      endif
    345  01e2 ????
    346  01e2 ????
    347  01e2 ????			   bmp_96x2_3_10
    348  01e2 ????						; *** replace this block with your bimap_10 data block...
    349  01e2 ????	       60		      BYTE.b	%01100000
    350  01e3 ????	       e0		      BYTE.b	%11100000
    351  01e4 ????	       e0		      BYTE.b	%11100000
    352  01e5 ????	       e0		      BYTE.b	%11100000
    353  01e6 ????	       e0		      BYTE.b	%11100000
    354  01e7 ????	       e0		      BYTE.b	%11100000
    355  01e8 ????	       e0		      BYTE.b	%11100000
    356  01e9 ????	       f8		      BYTE.b	%11111000
    357  01ea ????	       f8		      BYTE.b	%11111000
    358  01eb ????	       00		      BYTE.b	%00000000
    359  01ec ????	       39		      BYTE.b	%00111001
    360  01ed ????	       79		      BYTE.b	%01111001
    361  01ee ????	       f1		      BYTE.b	%11110001
    362  01ef ????	       f9		      BYTE.b	%11111001
    363  01f0 ????	       39		      BYTE.b	%00111001
    364  01f1 ????	       19		      BYTE.b	%00011001
    365  01f2 ????	       19		      BYTE.b	%00011001
    366  01f3 ????	       f9		      BYTE.b	%11111001
    367  01f4 ????	       f1		      BYTE.b	%11110001
    368  01f5 ????	       00		      BYTE.b	%00000000
    369  01f6 ????
    370  01f6 ????
    371  01f6 ????			  -	      if	>. != >[.+(bmp_96x2_3_height)]
    372  01f6 ????			  -	      align	256
    373  01f6 ????				      endif
    374  01f6 ????
    375  01f6 ????
    376  01f6 ????			   bmp_96x2_3_11
    377  01f6 ????						; *** replace this block with your bimap_11 data block...
    378  01f6 ????	       00		      BYTE.b	%00000000
    379  01f7 ????	       00		      BYTE.b	%00000000
    380  01f8 ????	       00		      BYTE.b	%00000000
    381  01f9 ????	       00		      BYTE.b	%00000000
    382  01fa ????	       00		      BYTE.b	%00000000
    383  01fb ????	       00		      BYTE.b	%00000000
    384  01fc ????	       00		      BYTE.b	%00000000
    385  01fd ????	       00		      BYTE.b	%00000000
    386  01fe ????	       00		      BYTE.b	%00000000
    387  01ff ????	       00		      BYTE.b	%00000000
    388  0200 ????	       fe		      BYTE.b	%11111110
    389  0201 ????	       fe		      BYTE.b	%11111110
    390  0202 ????	       80		      BYTE.b	%10000000
    391  0203 ????	       f8		      BYTE.b	%11111000
    392  0204 ????	       fc		      BYTE.b	%11111100
    393  0205 ????	       80		      BYTE.b	%10000000
    394  0206 ????	       80		      BYTE.b	%10000000
    395  0207 ????	       fe		      BYTE.b	%11111110
    396  0208 ????	       fe		      BYTE.b	%11111110
    397  0209 ????	       00		      BYTE.b	%00000000
